<?xml version="1.0" encoding="UTF-8"?>
<!-- Generated by org.testng.reporters.JUnitReportReporter -->
<testsuite skipped="0" hostname="DESKTOP-UEC12BF" name="com.training.Medium.tests.TC04_AdminToAddProductTest" tests="1" failures="0" timestamp="2019-12-03T22:14:00 IST" time="40.958" errors="0">
  <testcase name="filterProductTest" time="40.958" classname="com.training.Medium.tests.TC04_AdminToAddProductTest"/>
</testsuite> <!-- com.training.Medium.tests.TC04_AdminToAddProductTest -->
