<?xml version="1.0" encoding="UTF-8"?>
<!-- Generated by org.testng.reporters.JUnitReportReporter -->
<testsuite skipped="0" hostname="DESKTOP-UEC12BF" name="com.training.Medium.tests.TC01_EditMetaTagTitleTest" tests="1" failures="0" timestamp="2019-12-02T16:28:53 IST" time="37.957" errors="0">
  <testcase name="editMetatagTest" time="37.957" classname="com.training.Medium.tests.TC01_EditMetaTagTitleTest"/>
</testsuite> <!-- com.training.Medium.tests.TC01_EditMetaTagTitleTest -->
