<?xml version="1.0" encoding="UTF-8"?>
<!-- Generated by org.testng.reporters.JUnitReportReporter -->
<testsuite skipped="0" hostname="DESKTOP-UEC12BF" name="com.training.retail.tests.TC04_CatalogTest" tests="1" failures="0" timestamp="2019-11-27T12:49:42 IST" time="29.288" errors="0">
  <testcase name="validLoginTest" time="29.288" classname="com.training.retail.tests.TC04_CatalogTest"/>
</testsuite> <!-- com.training.retail.tests.TC04_CatalogTest -->
