<?xml version="1.0" encoding="UTF-8"?>
<!-- Generated by org.testng.reporters.JUnitReportReporter -->
<testsuite skipped="0" hostname="DESKTOP-UEC12BF" name="com.training.Medium.tests.TC03_AdminToFilterProductDetailsTest" tests="1" failures="0" timestamp="2019-12-03T19:06:43 IST" time="44.657" errors="0">
  <testcase name="filterProductTest" time="44.657" classname="com.training.Medium.tests.TC03_AdminToFilterProductDetailsTest"/>
</testsuite> <!-- com.training.Medium.tests.TC03_AdminToFilterProductDetailsTest -->
