<?xml version="1.0" encoding="UTF-8"?>
<!-- Generated by org.testng.reporters.JUnitReportReporter -->
<testsuite skipped="0" hostname="DESKTOP-UEC12BF" name="com.training.retail.tests.TC01_ViewCartTest" tests="1" failures="0" timestamp="2019-11-27T18:06:29 IST" time="63.267" errors="0">
  <testcase name="namsedRing" time="63.267" classname="com.training.retail.tests.TC01_ViewCartTest"/>
</testsuite> <!-- com.training.retail.tests.TC01_ViewCartTest -->
