<?xml version="1.0" encoding="UTF-8"?>
<!-- Generated by org.testng.reporters.JUnitReportReporter -->
<testsuite skipped="0" hostname="DESKTOP-UEC12BF" name="com.training.retail.tests.TC04_CatalogTest" tests="1" failures="0" timestamp="2019-11-28T14:44:22 IST" time="30.707" errors="0">
  <testcase name="catalogLoginTest" time="30.707" classname="com.training.retail.tests.TC04_CatalogTest"/>
</testsuite> <!-- com.training.retail.tests.TC04_CatalogTest -->
