<?xml version="1.0" encoding="UTF-8"?>
<!-- Generated by org.testng.reporters.JUnitReportReporter -->
<testsuite skipped="0" hostname="DESKTOP-UEC12BF" name="com.training.Medium.tests.TC02_DeleteMultipleCategoryTest" tests="1" failures="0" timestamp="2019-12-03T13:16:06 IST" time="46.127" errors="0">
  <testcase name="deletecategoryTest" time="46.127" classname="com.training.Medium.tests.TC02_DeleteMultipleCategoryTest"/>
</testsuite> <!-- com.training.Medium.tests.TC02_DeleteMultipleCategoryTest -->
