<?xml version="1.0" encoding="UTF-8"?>
<!-- Generated by org.testng.reporters.JUnitReportReporter -->
<testsuite skipped="0" hostname="DESKTOP-UEC12BF" name="com.training.Simple.tests.TC03_AdminLoginTest" tests="1" failures="0" timestamp="2019-12-06T13:31:54 IST" time="22.769" errors="0">
  <testcase name="adminuserLogintest" time="22.769" classname="com.training.Simple.tests.TC03_AdminLoginTest"/>
</testsuite> <!-- com.training.Simple.tests.TC03_AdminLoginTest -->
