<?xml version="1.0" encoding="UTF-8"?>
<!-- Generated by org.testng.reporters.JUnitReportReporter -->
<testsuite skipped="0" hostname="DESKTOP-UEC12BF" name="com.training.retail.tests.TC03_AdminLoginTest" tests="1" failures="0" timestamp="2019-11-28T14:45:31 IST" time="26.322" errors="0">
  <testcase name="validLoginTest" time="26.322" classname="com.training.retail.tests.TC03_AdminLoginTest"/>
</testsuite> <!-- com.training.retail.tests.TC03_AdminLoginTest -->
